This is pdfTeX, Version 3.141592653-2.6-1.40.22 (TeX Live 2022/dev/Debian) (preloaded format=pdflatex 2026.2.25)  30 JUN 2026 11:24
entering extended mode
 restricted \write18 enabled.
 %&-line parsing enabled.
**main.tex
(./main.tex
LaTeX2e <2021-11-15> patch level 1
L3 programming layer <2022-01-21>
(/usr/share/texlive/texmf-dist/tex/latex/base/article.cls
Document Class: article 2021/10/04 v1.4n Standard LaTeX document class
(/usr/share/texlive/texmf-dist/tex/latex/base/size11.clo
File: size11.clo 2021/10/04 v1.4n Standard LaTeX file (size option)
)
\c@part=\count185
\c@section=\count186
\c@subsection=\count187
\c@subsubsection=\count188
\c@paragraph=\count189
\c@subparagraph=\count190
\c@figure=\count191
\c@table=\count192
\abovecaptionskip=\skip47
\belowcaptionskip=\skip48
\bibindent=\dimen138
)
(/usr/share/texlive/texmf-dist/tex/latex/base/inputenc.sty
Package: inputenc 2021/02/14 v1.3d Input encoding file
\inpenc@prehook=\toks16
\inpenc@posthook=\toks17
)
(/usr/share/texlive/texmf-dist/tex/latex/base/fontenc.sty
Package: fontenc 2021/04/29 v2.0v Standard LaTeX package
)
(/usr/share/texlive/texmf-dist/tex/latex/amsmath/amsmath.sty
Package: amsmath 2021/10/15 v2.17l AMS math features
\@mathmargin=\skip49

For additional information on amsmath, use the `?' option.
(/usr/share/texlive/texmf-dist/tex/latex/amsmath/amstext.sty
Package: amstext 2021/08/26 v2.01 AMS text

(/usr/share/texlive/texmf-dist/tex/latex/amsmath/amsgen.sty
File: amsgen.sty 1999/11/30 v2.0 generic functions
\@emptytoks=\toks18
\ex@=\dimen139
))
(/usr/share/texlive/texmf-dist/tex/latex/amsmath/amsbsy.sty
Package: amsbsy 1999/11/29 v1.2d Bold Symbols
\pmbraise@=\dimen140
)
(/usr/share/texlive/texmf-dist/tex/latex/amsmath/amsopn.sty
Package: amsopn 2021/08/26 v2.02 operator names
)
\inf@bad=\count193
LaTeX Info: Redefining \frac on input line 234.
\uproot@=\count194
\leftroot@=\count195
LaTeX Info: Redefining \overline on input line 399.
\classnum@=\count196
\DOTSCASE@=\count197
LaTeX Info: Redefining \ldots on input line 496.
LaTeX Info: Redefining \dots on input line 499.
LaTeX Info: Redefining \cdots on input line 620.
\Mathstrutbox@=\box50
\strutbox@=\box51
\big@size=\dimen141
LaTeX Font Info:    Redeclaring font encoding OML on input line 743.
LaTeX Font Info:    Redeclaring font encoding OMS on input line 744.
\macc@depth=\count198
\c@MaxMatrixCols=\count199
\dotsspace@=\muskip16
\c@parentequation=\count266
\dspbrk@lvl=\count267
\tag@help=\toks19
\row@=\count268
\column@=\count269
\maxfields@=\count270
\andhelp@=\toks20
\eqnshift@=\dimen142
\alignsep@=\dimen143
\tagshift@=\dimen144
\tagwidth@=\dimen145
\totwidth@=\dimen146
\lineht@=\dimen147
\@envbody=\toks21
\multlinegap=\skip50
\multlinetaggap=\skip51
\mathdisplay@stack=\toks22
LaTeX Info: Redefining \[ on input line 2938.
LaTeX Info: Redefining \] on input line 2939.
)
(/usr/share/texlive/texmf-dist/tex/latex/amsfonts/amssymb.sty
Package: amssymb 2013/01/14 v3.01 AMS font symbols

(/usr/share/texlive/texmf-dist/tex/latex/amsfonts/amsfonts.sty
Package: amsfonts 2013/01/14 v3.01 Basic AMSFonts support
\symAMSa=\mathgroup4
\symAMSb=\mathgroup5
LaTeX Font Info:    Redeclaring math symbol \hbar on input line 98.
LaTeX Font Info:    Overwriting math alphabet `\mathfrak' in version `bold'
(Font)                  U/euf/m/n --> U/euf/b/n on input line 106.
))
(/usr/share/texlive/texmf-dist/tex/latex/xcolor/xcolor.sty
Package: xcolor 2021/10/31 v2.13 LaTeX color extensions (UK)

(/usr/share/texlive/texmf-dist/tex/latex/graphics-cfg/color.cfg
File: color.cfg 2016/01/02 v1.6 sample color configuration
)
Package xcolor Info: Driver file: pdftex.def on input line 227.

(/usr/share/texlive/texmf-dist/tex/latex/graphics-def/pdftex.def
File: pdftex.def 2020/10/05 v1.2a Graphics/color driver for pdftex
)
(/usr/share/texlive/texmf-dist/tex/latex/colortbl/colortbl.sty
Package: colortbl 2020/01/04 v1.0e Color table columns (DPC)

(/usr/share/texlive/texmf-dist/tex/latex/tools/array.sty
Package: array 2021/10/04 v2.5f Tabular extension package (FMi)
\col@sep=\dimen148
\ar@mcellbox=\box52
\extrarowheight=\dimen149
\NC@list=\toks23
\extratabsurround=\skip52
\backup@length=\skip53
\ar@cellbox=\box53
)
\everycr=\toks24
\minrowclearance=\skip54
)
\rownum=\count271
Package xcolor Info: Model `cmy' substituted by `cmy0' on input line 1352.
Package xcolor Info: Model `hsb' substituted by `rgb' on input line 1356.
Package xcolor Info: Model `RGB' extended on input line 1368.
Package xcolor Info: Model `HTML' substituted by `rgb' on input line 1370.
Package xcolor Info: Model `Hsb' substituted by `hsb' on input line 1371.
Package xcolor Info: Model `tHsb' substituted by `hsb' on input line 1372.
Package xcolor Info: Model `HSB' substituted by `hsb' on input line 1373.
Package xcolor Info: Model `Gray' substituted by `gray' on input line 1374.
Package xcolor Info: Model `wave' substituted by `hsb' on input line 1375.
)
(/usr/share/texlive/texmf-dist/tex/latex/booktabs/booktabs.sty
Package: booktabs 2020/01/12 v1.61803398 Publication quality tables
\heavyrulewidth=\dimen150
\lightrulewidth=\dimen151
\cmidrulewidth=\dimen152
\belowrulesep=\dimen153
\belowbottomsep=\dimen154
\aboverulesep=\dimen155
\abovetopsep=\dimen156
\cmidrulesep=\dimen157
\cmidrulekern=\dimen158
\defaultaddspace=\dimen159
\@cmidla=\count272
\@cmidlb=\count273
\@aboverulesep=\dimen160
\@belowrulesep=\dimen161
\@thisruleclass=\count274
\@lastruleclass=\count275
\@thisrulewidth=\dimen162
)
(/usr/share/texlive/texmf-dist/tex/latex/graphics/graphicx.sty
Package: graphicx 2021/09/16 v1.2d Enhanced LaTeX Graphics (DPC,SPQR)

(/usr/share/texlive/texmf-dist/tex/latex/graphics/keyval.sty
Package: keyval 2014/10/28 v1.15 key=value parser (DPC)
\KV@toks@=\toks25
)
(/usr/share/texlive/texmf-dist/tex/latex/graphics/graphics.sty
Package: graphics 2021/03/04 v1.4d Standard LaTeX Graphics (DPC,SPQR)

(/usr/share/texlive/texmf-dist/tex/latex/graphics/trig.sty
Package: trig 2021/08/11 v1.11 sin cos tan (DPC)
)
(/usr/share/texlive/texmf-dist/tex/latex/graphics-cfg/graphics.cfg
File: graphics.cfg 2016/06/04 v1.11 sample graphics configuration
)
Package graphics Info: Driver file: pdftex.def on input line 107.
)
\Gin@req@height=\dimen163
\Gin@req@width=\dimen164
)
(/usr/share/texlive/texmf-dist/tex/latex/hyperref/hyperref.sty
Package: hyperref 2021-06-07 v7.00m Hypertext links for LaTeX

(/usr/share/texlive/texmf-dist/tex/generic/ltxcmds/ltxcmds.sty
Package: ltxcmds 2020-05-10 v1.25 LaTeX kernel commands for general use (HO)
)
(/usr/share/texlive/texmf-dist/tex/generic/iftex/iftex.sty
Package: iftex 2020/03/06 v1.0d TeX engine tests
)
(/usr/share/texlive/texmf-dist/tex/generic/pdftexcmds/pdftexcmds.sty
Package: pdftexcmds 2020-06-27 v0.33 Utility functions of pdfTeX for LuaTeX (HO
)

(/usr/share/texlive/texmf-dist/tex/generic/infwarerr/infwarerr.sty
Package: infwarerr 2019/12/03 v1.5 Providing info/warning/error messages (HO)
)
Package pdftexcmds Info: \pdf@primitive is available.
Package pdftexcmds Info: \pdf@ifprimitive is available.
Package pdftexcmds Info: \pdfdraftmode found.
)
(/usr/share/texlive/texmf-dist/tex/generic/kvsetkeys/kvsetkeys.sty
Package: kvsetkeys 2019/12/15 v1.18 Key value parser (HO)
)
(/usr/share/texlive/texmf-dist/tex/generic/kvdefinekeys/kvdefinekeys.sty
Package: kvdefinekeys 2019-12-19 v1.6 Define keys (HO)
)
(/usr/share/texlive/texmf-dist/tex/generic/pdfescape/pdfescape.sty
Package: pdfescape 2019/12/09 v1.15 Implements pdfTeX's escape features (HO)
)
(/usr/share/texlive/texmf-dist/tex/latex/hycolor/hycolor.sty
Package: hycolor 2020-01-27 v1.10 Color options for hyperref/bookmark (HO)
)
(/usr/share/texlive/texmf-dist/tex/latex/letltxmacro/letltxmacro.sty
Package: letltxmacro 2019/12/03 v1.6 Let assignment for LaTeX macros (HO)
)
(/usr/share/texlive/texmf-dist/tex/latex/auxhook/auxhook.sty
Package: auxhook 2019-12-17 v1.6 Hooks for auxiliary files (HO)
)
(/usr/share/texlive/texmf-dist/tex/latex/kvoptions/kvoptions.sty
Package: kvoptions 2020-10-07 v3.14 Key value format for package options (HO)
)
\@linkdim=\dimen165
\Hy@linkcounter=\count276
\Hy@pagecounter=\count277

(/usr/share/texlive/texmf-dist/tex/latex/hyperref/pd1enc.def
File: pd1enc.def 2021-06-07 v7.00m Hyperref: PDFDocEncoding definition (HO)
Now handling font encoding PD1 ...
... no UTF-8 mapping file for font encoding PD1
)
(/usr/share/texlive/texmf-dist/tex/latex/hyperref/hyperref-langpatches.def
File: hyperref-langpatches.def 2021-06-07 v7.00m Hyperref: patches for babel la
nguages
)
(/usr/share/texlive/texmf-dist/tex/generic/intcalc/intcalc.sty
Package: intcalc 2019/12/15 v1.3 Expandable calculations with integers (HO)
)
(/usr/share/texlive/texmf-dist/tex/generic/etexcmds/etexcmds.sty
Package: etexcmds 2019/12/15 v1.7 Avoid name clashes with e-TeX commands (HO)
)
\Hy@SavedSpaceFactor=\count278

(/usr/share/texlive/texmf-dist/tex/latex/hyperref/puenc.def
File: puenc.def 2021-06-07 v7.00m Hyperref: PDF Unicode definition (HO)
Now handling font encoding PU ...
... no UTF-8 mapping file for font encoding PU
)
Package hyperref Info: Hyper figures OFF on input line 4192.
Package hyperref Info: Link nesting OFF on input line 4197.
Package hyperref Info: Hyper index ON on input line 4200.
Package hyperref Info: Plain pages OFF on input line 4207.
Package hyperref Info: Backreferencing OFF on input line 4212.
Package hyperref Info: Implicit mode ON; LaTeX internals redefined.
Package hyperref Info: Bookmarks ON on input line 4445.
\c@Hy@tempcnt=\count279

(/usr/share/texlive/texmf-dist/tex/latex/url/url.sty
\Urlmuskip=\muskip17
Package: url 2013/09/16  ver 3.4  Verb mode for urls, etc.
)
LaTeX Info: Redefining \url on input line 4804.
\XeTeXLinkMargin=\dimen166

(/usr/share/texlive/texmf-dist/tex/generic/bitset/bitset.sty
Package: bitset 2019/12/09 v1.3 Handle bit-vector datatype (HO)

(/usr/share/texlive/texmf-dist/tex/generic/bigintcalc/bigintcalc.sty
Package: bigintcalc 2019/12/15 v1.5 Expandable calculations on big integers (HO
)
))
\Fld@menulength=\count280
\Field@Width=\dimen167
\Fld@charsize=\dimen168
Package hyperref Info: Hyper figures OFF on input line 6076.
Package hyperref Info: Link nesting OFF on input line 6081.
Package hyperref Info: Hyper index ON on input line 6084.
Package hyperref Info: backreferencing OFF on input line 6091.
Package hyperref Info: Link coloring OFF on input line 6096.
Package hyperref Info: Link coloring with OCG OFF on input line 6101.
Package hyperref Info: PDF/A mode OFF on input line 6106.
LaTeX Info: Redefining \ref on input line 6146.
LaTeX Info: Redefining \pageref on input line 6150.

(/usr/share/texlive/texmf-dist/tex/latex/base/atbegshi-ltx.sty
Package: atbegshi-ltx 2021/01/10 v1.0c Emulation of the original atbegshi
package with kernel methods
)
\Hy@abspage=\count281
\c@Item=\count282
\c@Hfootnote=\count283
)
Package hyperref Info: Driver (autodetected): hpdftex.

(/usr/share/texlive/texmf-dist/tex/latex/hyperref/hpdftex.def
File: hpdftex.def 2021-06-07 v7.00m Hyperref driver for pdfTeX

(/usr/share/texlive/texmf-dist/tex/latex/base/atveryend-ltx.sty
Package: atveryend-ltx 2020/08/19 v1.0a Emulation of the original atveryend pac
kage
with kernel methods
)
\Fld@listcount=\count284
\c@bookmark@seq@number=\count285

(/usr/share/texlive/texmf-dist/tex/latex/rerunfilecheck/rerunfilecheck.sty
Package: rerunfilecheck 2019/12/05 v1.9 Rerun checks for auxiliary files (HO)

(/usr/share/texlive/texmf-dist/tex/generic/uniquecounter/uniquecounter.sty
Package: uniquecounter 2019/12/15 v1.4 Provide unlimited unique counter (HO)
)
Package uniquecounter Info: New unique counter `rerunfilecheck' on input line 2
86.
)
\Hy@SectionHShift=\skip55
)
(/usr/share/texlive/texmf-dist/tex/latex/geometry/geometry.sty
Package: geometry 2020/01/02 v5.9 Page Geometry

(/usr/share/texlive/texmf-dist/tex/generic/iftex/ifvtex.sty
Package: ifvtex 2019/10/25 v1.7 ifvtex legacy package. Use iftex instead.
)
\Gm@cnth=\count286
\Gm@cntv=\count287
\c@Gm@tempcnt=\count288
\Gm@bindingoffset=\dimen169
\Gm@wd@mp=\dimen170
\Gm@odd@mp=\dimen171
\Gm@even@mp=\dimen172
\Gm@layoutwidth=\dimen173
\Gm@layoutheight=\dimen174
\Gm@layouthoffset=\dimen175
\Gm@layoutvoffset=\dimen176
\Gm@dimlist=\toks26
)
(/usr/share/texlive/texmf-dist/tex/latex/algorithms/algorithm.sty
Package: algorithm 2009/08/24 v0.1 Document Style `algorithm' - floating enviro
nment

(/usr/share/texlive/texmf-dist/tex/latex/float/float.sty
Package: float 2001/11/08 v1.3d Float enhancements (AL)
\c@float@type=\count289
\float@exts=\toks27
\float@box=\box54
\@float@everytoks=\toks28
\@floatcapt=\box55
)
(/usr/share/texlive/texmf-dist/tex/latex/base/ifthen.sty
Package: ifthen 2020/11/24 v1.1c Standard LaTeX ifthen package (DPC)
)
\@float@every@algorithm=\toks29
\c@algorithm=\count290
)
(/usr/share/texlive/texmf-dist/tex/latex/algorithms/algorithmic.sty
Package: algorithmic 2009/08/24 v0.1 Document Style `algorithmic'
\c@ALC@unique=\count291
\c@ALC@line=\count292
\c@ALC@rem=\count293
\c@ALC@depth=\count294
\ALC@tlm=\skip56
\algorithmicindent=\skip57
)
(/usr/share/texlive/texmf-dist/tex/latex/was/gensymb.sty
Package: gensymb 2003/07/02 v1.0 (WaS)
)
(/usr/share/texlive/texmf-dist/tex/latex/l3backend/l3backend-pdftex.def
File: l3backend-pdftex.def 2022-01-12 L3 backend support: PDF output (pdfTeX)
\l__color_backend_stack_int=\count295
\l__pdf_internal_box=\box56
)
No file main.aux.
\openout1 = `main.aux'.

LaTeX Font Info:    Checking defaults for OML/cmm/m/it on input line 19.
LaTeX Font Info:    ... okay on input line 19.
LaTeX Font Info:    Checking defaults for OMS/cmsy/m/n on input line 19.
LaTeX Font Info:    ... okay on input line 19.
LaTeX Font Info:    Checking defaults for OT1/cmr/m/n on input line 19.
LaTeX Font Info:    ... okay on input line 19.
LaTeX Font Info:    Checking defaults for T1/cmr/m/n on input line 19.
LaTeX Font Info:    ... okay on input line 19.
LaTeX Font Info:    Checking defaults for TS1/cmr/m/n on input line 19.
LaTeX Font Info:    ... okay on input line 19.
LaTeX Font Info:    Checking defaults for OMX/cmex/m/n on input line 19.
LaTeX Font Info:    ... okay on input line 19.
LaTeX Font Info:    Checking defaults for U/cmr/m/n on input line 19.
LaTeX Font Info:    ... okay on input line 19.
LaTeX Font Info:    Checking defaults for PD1/pdf/m/n on input line 19.
LaTeX Font Info:    ... okay on input line 19.
LaTeX Font Info:    Checking defaults for PU/pdf/m/n on input line 19.
LaTeX Font Info:    ... okay on input line 19.
(/usr/share/texlive/texmf-dist/tex/context/base/mkii/supp-pdf.mkii
[Loading MPS to PDF converter (version 2006.09.02).]
\scratchcounter=\count296
\scratchdimen=\dimen177
\scratchbox=\box57
\nofMPsegments=\count297
\nofMParguments=\count298
\everyMPshowfont=\toks30
\MPscratchCnt=\count299
\MPscratchDim=\dimen178
\MPnumerator=\count300
\makeMPintoPDFobject=\count301
\everyMPtoPDFconversion=\toks31
) (/usr/share/texlive/texmf-dist/tex/latex/epstopdf-pkg/epstopdf-base.sty
Package: epstopdf-base 2020-01-24 v2.11 Base part for package epstopdf
Package epstopdf-base Info: Redefining graphics rule for `.eps' on input line 4
85.

(/usr/share/texlive/texmf-dist/tex/latex/latexconfig/epstopdf-sys.cfg
File: epstopdf-sys.cfg 2010/07/13 v1.3 Configuration of (r)epstopdf for TeX Liv
e
))
Package hyperref Info: Link coloring OFF on input line 19.

(/usr/share/texlive/texmf-dist/tex/latex/hyperref/nameref.sty
Package: nameref 2021-04-02 v2.47 Cross-referencing by name of section

(/usr/share/texlive/texmf-dist/tex/latex/refcount/refcount.sty
Package: refcount 2019/12/15 v3.6 Data extraction from label references (HO)
)
(/usr/share/texlive/texmf-dist/tex/generic/gettitlestring/gettitlestring.sty
Package: gettitlestring 2019/12/15 v1.6 Cleanup title references (HO)
)
\c@section@level=\count302
)
LaTeX Info: Redefining \ref on input line 19.
LaTeX Info: Redefining \pageref on input line 19.
LaTeX Info: Redefining \nameref on input line 19.
\@outlinefile=\write3
\openout3 = `main.out'.


*geometry* driver: auto-detecting
*geometry* detected driver: pdftex
*geometry* verbose mode - [ preamble ] result:
* driver: pdftex
* paper: <default>
* layout: <same size as paper>
* layoutoffset:(h,v)=(0.0pt,0.0pt)
* modes: 
* h-part:(L,W,R)=(72.26999pt, 469.75502pt, 72.26999pt)
* v-part:(T,H,B)=(72.26999pt, 650.43001pt, 72.26999pt)
* \paperwidth=614.295pt
* \paperheight=794.96999pt
* \textwidth=469.75502pt
* \textheight=650.43001pt
* \oddsidemargin=0.0pt
* \evensidemargin=0.0pt
* \topmargin=-37.0pt
* \headheight=12.0pt
* \headsep=25.0pt
* \topskip=11.0pt
* \footskip=30.0pt
* \marginparwidth=59.0pt
* \marginparsep=10.0pt
* \columnsep=10.0pt
* \skip\footins=10.0pt plus 4.0pt minus 2.0pt
* \hoffset=0.0pt
* \voffset=0.0pt
* \mag=1000
* \@twocolumnfalse
* \@twosidefalse
* \@mparswitchfalse
* \@reversemarginfalse
* (1in=72.27pt=25.4mm, 1cm=28.453pt)

LaTeX Info: Redefining \celsius on input line 19.
Package gensymb Info: Faking symbols for \degree and \celsius on input line 19.


Package gensymb Warning: Not defining \perthousand.

LaTeX Info: Redefining \ohm on input line 19.
Package gensymb Info: Using \Omega for \ohm on input line 19.

Package gensymb Warning: Not defining \micro.

LaTeX Font Info:    Trying to load font information for U+msa on input line 21.

(/usr/share/texlive/texmf-dist/tex/latex/amsfonts/umsa.fd
File: umsa.fd 2013/01/14 v3.01 AMS symbols A
)
LaTeX Font Info:    Trying to load font information for U+msb on input line 21.


(/usr/share/texlive/texmf-dist/tex/latex/amsfonts/umsb.fd
File: umsb.fd 2013/01/14 v3.01 AMS symbols B
)
(./sec_introduction.tex

LaTeX Warning: Citation `zhang2000' on page 1 undefined on input line 4.


LaTeX Warning: Citation `schonberger2016' on page 1 undefined on input line 4.


LaTeX Warning: Citation `pi3x' on page 1 undefined on input line 8.


LaTeX Warning: Citation `vggt' on page 1 undefined on input line 8.


LaTeX Warning: Citation `dust3r' on page 1 undefined on input line 8.


LaTeX Warning: Citation `pi3x' on page 1 undefined on input line 8.

[1

{/var/lib/texmf/fonts/map/pdftex/updmap/pdftex.map}]) (./sec_related.tex

LaTeX Warning: Citation `dust3r' on page 2 undefined on input line 4.


LaTeX Warning: Citation `mast3r' on page 2 undefined on input line 4.


LaTeX Warning: Citation `pi3x' on page 2 undefined on input line 4.


LaTeX Warning: Citation `vggt' on page 2 undefined on input line 4.


LaTeX Warning: Citation `zhang2000' on page 2 undefined on input line 6.


LaTeX Warning: Citation `cipolla1999' on page 2 undefined on input line 6.


LaTeX Warning: Citation `schonberger2016' on page 2 undefined on input line 6.


Overfull \hbox (8.91708pt too wide) in paragraph at lines 6--7
 []\T1/cmr/bx/n/10.95 Multi-camera cal-i-bra-tion.[] \T1/cmr/m/n/10.95 Clas-si-
cal ex-trin-sic cal-i-bra-tion uses phys-i-cal tar-gets (checker-boards [[]]),
 []


LaTeX Warning: Citation `hartley2013' on page 2 undefined on input line 8.


LaTeX Warning: Citation `chatterjee2018' on page 2 undefined on input line 8.


LaTeX Warning: Citation `moulon2013' on page 2 undefined on input line 8.


LaTeX Warning: Citation `sun2020' on page 2 undefined on input line 10.


LaTeX Warning: Citation `godard2019' on page 2 undefined on input line 10.

[2]

LaTeX Warning: Citation `besl1992' on page 3 undefined on input line 12.


LaTeX Warning: Citation `triggs2000' on page 3 undefined on input line 12.


LaTeX Warning: Citation `song2021' on page 3 undefined on input line 14.


LaTeX Warning: Citation `yim2023' on page 3 undefined on input line 14.


LaTeX Warning: Reference `sec:stage4' on page 3 undefined on input line 14.

) (./sec_benchmark.tex
Overfull \hbox (16.23235pt too wide) in paragraph at lines 24--40
 [][] 
 []

[3]

LaTeX Warning: Reference `tab:benchmark' on page 4 undefined on input line 48.

) (./sec_method.tex

LaTeX Warning: Citation `umeyama1991' on page 4 undefined on input line 11.

! Undefined control sequence.
l.13     \{s^*, R^*, \mathbf{t}^*\} = \argmin
                                             _{s, R, \mathbf{t}} \sum_{c=1}^...
The control sequence at the end of the top line
of your error message was never \def'ed. If you have
misspelled it (e.g., `\hobx'), type `I' and the correct
spelling (e.g., `I\hbox'). Otherwise just continue,
and I'll forget about whatever was undefined.

[4pdfTeX warning (ext4): destination with the same identifier (name{table.1}) h
as been already used, duplicate ignored
<argument> ...shipout:D \box_use:N \l_shipout_box 
                                                  \__shipout_drop_firstpage_...
l.14 \end{equation}
                   ]

LaTeX Warning: Citation `moakher2002' on page 5 undefined on input line 17.


LaTeX Warning: Citation `hartley2013' on page 5 undefined on input line 19.


Overfull \hbox (8.41008pt too wide) in paragraph at lines 19--20
 []\T1/cmr/bx/n/10.95 Pose graph op-ti-miza-tion.[] \T1/cmr/m/n/10.95 We ex-tra
ct pair-wise rel-a-tive poses $\OML/cmm/m/it/10.95 T[] \OT1/cmr/m/n/10.95 = (\O
ML/cmm/m/it/10.95 T[]\OT1/cmr/m/n/10.95 )[]\OML/cmm/m/it/10.95 T[]$ \T1/cmr/m/n
/10.95 from in-lier timesteps,
 []


LaTeX Warning: Reference `sec:theory' on page 5 undefined on input line 32.

! Missing $ inserted.
<inserted text> 
                $
l.33 
     
I've inserted a begin-math/end-math symbol since I think
you left one out. Proceed, with fingers crossed.


Overfull \hbox (106.8391pt too wide) in paragraph at lines 32--33
\OMS/cmsy/m/n/10.95 ^^X$\T1/cmr/m/n/10.95 3.3$[]$$\OT1/cmr/m/n/10.95 )\OML/cmm/
m/it/10.95 whiletranslationdegradesmonotonically\OT1/cmr/m/n/10.95 (\OML/cmm/m/
it/10.95 to\OT1/cmr/m/n/10.95 0\OML/cmm/m/it/10.95 :\OT1/cmr/m/n/10.95 195\OML/
cmm/m/it/10.95 ATEafter\OT1/cmr/m/n/10.95 5\OML/cmm/m/it/10.95 iterations\OT1/c
mr/m/n/10.95 )\OML/cmm/m/it/10.95 :Section [][]providesaformalexplanation \OT1/
cmr/m/n/10.95 :
 []


Overfull \hbox (212.35077pt too wide) in paragraph at lines 32--33
\OML/cmm/m/it/10.95 therotationcomponentcontractstowardafixedpointonSO\OT1/cmr/
m/n/10.95 (3)\OML/cmm/m/it/10.95 ; whiletranslationsdivergeduetoSim\OT1/cmr/m/n
/10.95 (3)\OML/cmm/m/it/10.95 scalemismatchintheconditioningpathway:$ 
 []

[5]
Package hyperref Info: bookmark level for unknown algorithm defaults to 0 on in
put line 58.
 [6]

LaTeX Warning: Reference `sec:ablation' on page 7 undefined on input line 84.


LaTeX Warning: Reference `sec:ablation' on page 7 undefined on input line 86.


LaTeX Warning: Reference `sec:theory' on page 7 undefined on input line 89.

) (./sec_theory.tex

LaTeX Warning: Reference `sec:method' on page 7 undefined on input line 4.

LaTeX Font Info:    Trying to load font information for U+euf on input line 12.

(/usr/share/texlive/texmf-dist/tex/latex/amsfonts/ueuf.fd
File: ueuf.fd 2013/01/14 v3.01 Euler Fraktur
)

LaTeX Warning: Reference `sec:ablation' on page 7 undefined on input line 20.


LaTeX Warning: Reference `tab:noise_robustness' on page 7 undefined on input li
ne 20.

[7]

LaTeX Warning: Reference `sec:ablation' on page 8 undefined on input line 34.


LaTeX Warning: Citation `vincent2011' on page 8 undefined on input line 51.


LaTeX Warning: Citation `song2021' on page 8 undefined on input line 66.

[8]) (./sec_results.tex

LaTeX Warning: Reference `tab:comparison' on page 9 undefined on input line 20.



LaTeX Warning: Reference `tab:comparison' on page 9 undefined on input line 44.



LaTeX Warning: Reference `sec:ablation' on page 9 undefined on input line 48.

[9]) (./sec_ablation.tex

LaTeX Warning: Reference `tab:naive_vs_hybrid' on page 10 undefined on input li
ne 8.

[10pdfTeX warning (ext4): destination with the same identifier (name{table.2}) 
has been already used, duplicate ignored
<argument> ...shipout:D \box_use:N \l_shipout_box 
                                                  \__shipout_drop_firstpage_...
l.23 \end{table}
                ]

LaTeX Warning: Reference `sec:theory' on page 11 undefined on input line 25.


LaTeX Warning: Reference `tab:noise_robustness' on page 11 undefined on input l
ine 30.


LaTeX Warning: Reference `tab:convergence' on page 11 undefined on input line 5
4.


LaTeX Warning: `h' float specifier changed to `ht'.

[11pdfTeX warning (ext4): destination with the same identifier (name{table.3}) 
has been already used, duplicate ignored
<argument> ...shipout:D \box_use:N \l_shipout_box 
                                                  \__shipout_drop_firstpage_...
l.74 
     pdfTeX warning (ext4): destination with the same identifier (name{table.4}
) has been already used, duplicate ignored
<argument> ...shipout:D \box_use:N \l_shipout_box 
                                                  \__shipout_drop_firstpage_...
l.74 
     ]

LaTeX Warning: Reference `tab:sim3' on page 12 undefined on input line 77.

) (./sec_discussion.tex
Overfull \hbox (13.20168pt too wide) in paragraph at lines 4--5
 []\T1/cmr/bx/n/10.95 Practical de-ploy-ment.[] \T1/cmr/m/n/10.95 The hy-brid f
u-sion strat-egy (Stage 3) pro-vides the most favourable accuracy--
 []


LaTeX Warning: Reference `tab:benchmark' on page 12 undefined on input line 6.


LaTeX Warning: Reference `sec:theory' on page 12 undefined on input line 6.

[12pdfTeX warning (ext4): destination with the same identifier (name{table.5}) 
has been already used, duplicate ignored
<argument> ...shipout:D \box_use:N \l_shipout_box 
                                                  \__shipout_drop_firstpage_...
l.7 
    pdfTeX warning (ext4): destination with the same identifier (name{table.6})
 has been already used, duplicate ignored
<argument> ...shipout:D \box_use:N \l_shipout_box 
                                                  \__shipout_drop_firstpage_...
l.7 
    ]

LaTeX Warning: Reference `tab:convergence' on page 13 undefined on input line 8
.

) (./sec_conclusion.tex
Overfull \hbox (2.62976pt too wide) in paragraph at lines 10--1
 []\T1/cmr/bx/n/10.95 Future work.[] \T1/cmr/m/n/10.95 Sev-eral di-rec-tions me
rit in-ves-ti-ga-tion. First, Pi3X also ac-cepts depth conditioning---
 []

)
No file main.bbl.
[13] (./main.aux)

LaTeX Warning: There were undefined references.


LaTeX Warning: Label(s) may have changed. Rerun to get cross-references right.


Package rerunfilecheck Warning: File `main.out' has changed.
(rerunfilecheck)                Rerun to get outlines right
(rerunfilecheck)                or use package `bookmark'.

Package rerunfilecheck Info: Checksums for `main.out':
(rerunfilecheck)             Before: <no file>
(rerunfilecheck)             After:  C59088EA96CF65E17F17868961B3C075;4797.
 ) 
Here is how much of TeX's memory you used:
 11360 strings out of 478287
 172384 string characters out of 5849289
 475609 words of memory out of 5000000
 29238 multiletter control sequences out of 15000+600000
 493139 words of font info for 89 fonts, out of 8000000 for 9000
 1141 hyphenation exceptions out of 8191
 60i,11n,63p,1188b,578s stack positions out of 5000i,500n,10000p,200000b,80000s
{/usr/share/texmf/fonts/enc/dvips/cm-super/cm-super-ts1.enc}{/usr/share/texmf
/fonts/enc/dvips/cm-super/cm-super-t1.enc}</usr/share/texlive/texmf-dist/fonts/
type1/public/amsfonts/cm/cmbx10.pfb></usr/share/texlive/texmf-dist/fonts/type1/
public/amsfonts/cm/cmbx8.pfb></usr/share/texlive/texmf-dist/fonts/type1/public/
amsfonts/cm/cmex10.pfb></usr/share/texlive/texmf-dist/fonts/type1/public/amsfon
ts/cm/cmmi10.pfb></usr/share/texlive/texmf-dist/fonts/type1/public/amsfonts/cm/
cmmi6.pfb></usr/share/texlive/texmf-dist/fonts/type1/public/amsfonts/cm/cmmi8.p
fb></usr/share/texlive/texmf-dist/fonts/type1/public/amsfonts/cm/cmmib10.pfb></
usr/share/texlive/texmf-dist/fonts/type1/public/amsfonts/cm/cmr10.pfb></usr/sha
re/texlive/texmf-dist/fonts/type1/public/amsfonts/cm/cmr8.pfb></usr/share/texli
ve/texmf-dist/fonts/type1/public/amsfonts/cm/cmsy10.pfb></usr/share/texlive/tex
mf-dist/fonts/type1/public/amsfonts/cm/cmsy8.pfb></usr/share/texlive/texmf-dist
/fonts/type1/public/amsfonts/euler/eufm10.pfb></usr/share/texlive/texmf-dist/fo
nts/type1/public/amsfonts/symbols/msam10.pfb></usr/share/texlive/texmf-dist/fon
ts/type1/public/amsfonts/symbols/msbm10.pfb></usr/share/texmf/fonts/type1/publi
c/cm-super/sfbx1000.pfb></usr/share/texmf/fonts/type1/public/cm-super/sfbx1095.
pfb></usr/share/texmf/fonts/type1/public/cm-super/sfbx1200.pfb></usr/share/texm
f/fonts/type1/public/cm-super/sfbx1440.pfb></usr/share/texmf/fonts/type1/public
/cm-super/sfrm0800.pfb></usr/share/texmf/fonts/type1/public/cm-super/sfrm0900.p
fb></usr/share/texmf/fonts/type1/public/cm-super/sfrm1000.pfb></usr/share/texmf
/fonts/type1/public/cm-super/sfrm1095.pfb></usr/share/texmf/fonts/type1/public/
cm-super/sfrm1728.pfb></usr/share/texmf/fonts/type1/public/cm-super/sfti1000.pf
b></usr/share/texmf/fonts/type1/public/cm-super/sfti1095.pfb>
Output written on main.pdf (13 pages, 412602 bytes).
PDF statistics:
 317 PDF objects out of 1000 (max. 8388607)
 248 compressed objects within 3 object streams
 112 named destinations out of 1000 (max. 500000)
 1 words of extra memory for PDF output out of 10000 (max. 10000000)

